giaydep_app/build/app/intermediates/manifest_merge_blame_file/debug/manifest-merger-blame-debug-report.txt
1<?xml version="1.0" encoding="utf-8"?>
2<manifest xmlns:android="http://schemas.android.com/apk/res/android"
3    package="com.example.giaydep_app"
4    android:versionCode="1"
5    android:versionName="1.0.0" >
6
7    <uses-sdk
8        android:minSdkVersion="21"
9        android:targetSdkVersion="33" />
10    <!--
11         The INTERNET permission is required for development. Specifically,
12         the Flutter tool needs it to communicate with the running application
13         to allow setting breakpoints, to provide hot reload, etc.
14    -->
15    <uses-permission android:name="android.permission.INTERNET" />
15-->src\main\AndroidManifest.xml:4:5-66
15-->src\main\AndroidManifest.xml:4:22-64
16    <uses-permission android:name="android.permission.ACCESS_NETWORK_STATE" />
16-->src\main\AndroidManifest.xml:5:5-79
16-->src\main\AndroidManifest.xml:5:22-76
17    <uses-permission android:name="android.permission.SCHEDULE_EXACT_ALARM" />
17-->src\main\AndroidManifest.xml:6:5-79
17-->src\main\AndroidManifest.xml:6:22-76
18    <uses-permission android:name="android.permission.RECEIVE_BOOT_COMPLETED" />
18-->[:awesome_notifications_fcm] AndroidManifest.xml:10:5-81
18-->[:awesome_notifications_fcm] AndroidManifest.xml:10:22-78
19    <uses-permission android:name="com.google.android.c2dm.permission.RECEIVE" />
19-->[:awesome_notifications_fcm] AndroidManifest.xml:11:5-82
19-->[:awesome_notifications_fcm] AndroidManifest.xml:11:22-79
20    <uses-permission android:name="android.permission.POST_NOTIFICATIONS" />
20-->[:awesome_notifications] AndroidManifest.xml:9:5-77
20-->[:awesome_notifications] AndroidManifest.xml:9:22-74
21    <uses-permission android:name="android.permission.BROADCAST_CLOSE_SYSTEM_DIALOGS" />
21-->[:awesome_notifications] AndroidManifest.xml:10:5-89
21-->[:awesome_notifications] AndroidManifest.xml:10:22-86
22    <uses-permission android:name="android.permission.VIBRATE" />
22-->[:awesome_notifications] AndroidManifest.xml:12:5-66
22-->[:awesome_notifications] AndroidManifest.xml:12:22-63
23    <uses-permission android:name="android.permission.WAKE_LOCK" />
23-->[com.google.firebase:firebase-messaging:23.1.2] AndroidManifest.xml:26:5-68
23-->[com.google.firebase:firebase-messaging:23.1.2] AndroidManifest.xml:26:22-65
24    <uses-permission android:name="com.google.android.gms.permission.AD_ID" />
24-->[com.google.android.gms:play-services-measurement-api:21.2.1] AndroidManifest.xml:25:5-79
24-->[com.google.android.gms:play-services-measurement-api:21.2.1] AndroidManifest.xml:25:22-76
25    <uses-permission android:name="com.google.android.finsky.permission.BIND_GET_INSTALL_REFERRER_SERVICE" />
25-->[com.google.android.gms:play-services-measurement:21.2.1] AndroidManifest.xml:26:5-110
25-->[com.google.android.gms:play-services-measurement:21.2.1] AndroidManifest.xml:26:22-107
26
27    <permission
27-->[androidx.core:core:1.9.0] AndroidManifest.xml:22:5-24:47
28        android:name="com.example.giaydep_app.DYNAMIC_RECEIVER_NOT_EXPORTED_PERMISSION"
28-->[androidx.core:core:1.9.0] AndroidManifest.xml:23:9-81
29        android:protectionLevel="signature" />
29-->[androidx.core:core:1.9.0] AndroidManifest.xml:24:9-44
30
31    <uses-permission android:name="com.example.giaydep_app.DYNAMIC_RECEIVER_NOT_EXPORTED_PERMISSION" /> <!-- for android -->
31-->[androidx.core:core:1.9.0] AndroidManifest.xml:26:5-97
31-->[androidx.core:core:1.9.0] AndroidManifest.xml:26:22-94
32    <!-- <uses-permission android:name="com.android.launcher.permission.READ_SETTINGS"/> -->
33    <!-- <uses-permission android:name="com.android.launcher.permission.WRITE_SETTINGS"/> -->
34    <!-- <uses-permission android:name="com.android.launcher.permission.INSTALL_SHORTCUT" /> -->
35    <!-- <uses-permission android:name="com.android.launcher.permission.UNINSTALL_SHORTCUT" /> -->
36    <!-- for Samsung -->
37    <uses-permission android:name="com.sec.android.provider.badge.permission.READ" />
37-->[me.leolin:ShortcutBadger:1.1.22] AndroidManifest.xml:19:5-86
37-->[me.leolin:ShortcutBadger:1.1.22] AndroidManifest.xml:19:22-83
38    <uses-permission android:name="com.sec.android.provider.badge.permission.WRITE" /> <!-- for htc -->
38-->[me.leolin:ShortcutBadger:1.1.22] AndroidManifest.xml:20:5-87
38-->[me.leolin:ShortcutBadger:1.1.22] AndroidManifest.xml:20:22-84
39    <uses-permission android:name="com.htc.launcher.permission.READ_SETTINGS" />
39-->[me.leolin:ShortcutBadger:1.1.22] AndroidManifest.xml:23:5-81
39-->[me.leolin:ShortcutBadger:1.1.22] AndroidManifest.xml:23:22-78
40    <uses-permission android:name="com.htc.launcher.permission.UPDATE_SHORTCUT" /> <!-- for sony -->
40-->[me.leolin:ShortcutBadger:1.1.22] AndroidManifest.xml:24:5-83
40-->[me.leolin:ShortcutBadger:1.1.22] AndroidManifest.xml:24:22-80
41    <uses-permission android:name="com.sonyericsson.home.permission.BROADCAST_BADGE" />
41-->[me.leolin:ShortcutBadger:1.1.22] AndroidManifest.xml:27:5-88
41-->[me.leolin:ShortcutBadger:1.1.22] AndroidManifest.xml:27:22-85
42    <uses-permission android:name="com.sonymobile.home.permission.PROVIDER_INSERT_BADGE" /> <!-- for apex -->
42-->[me.leolin:ShortcutBadger:1.1.22] AndroidManifest.xml:28:5-92
42-->[me.leolin:ShortcutBadger:1.1.22] AndroidManifest.xml:28:22-89
43    <uses-permission android:name="com.anddoes.launcher.permission.UPDATE_COUNT" /> <!-- for solid -->
43-->[me.leolin:ShortcutBadger:1.1.22] AndroidManifest.xml:31:5-84
43-->[me.leolin:ShortcutBadger:1.1.22] AndroidManifest.xml:31:22-81
44    <uses-permission android:name="com.majeur.launcher.permission.UPDATE_BADGE" /> <!-- for huawei -->
44-->[me.leolin:ShortcutBadger:1.1.22] AndroidManifest.xml:34:5-83
44-->[me.leolin:ShortcutBadger:1.1.22] AndroidManifest.xml:34:22-80
45    <uses-permission android:name="com.huawei.android.launcher.permission.CHANGE_BADGE" />
45-->[me.leolin:ShortcutBadger:1.1.22] AndroidManifest.xml:37:5-91
45-->[me.leolin:ShortcutBadger:1.1.22] AndroidManifest.xml:37:22-88
46    <uses-permission android:name="com.huawei.android.launcher.permission.READ_SETTINGS" />
46-->[me.leolin:ShortcutBadger:1.1.22] AndroidManifest.xml:38:5-92
46-->[me.leolin:ShortcutBadger:1.1.22] AndroidManifest.xml:38:22-89
47    <uses-permission android:name="com.huawei.android.launcher.permission.WRITE_SETTINGS" /> <!-- for ZUK -->
47-->[me.leolin:ShortcutBadger:1.1.22] AndroidManifest.xml:39:5-93
47-->[me.leolin:ShortcutBadger:1.1.22] AndroidManifest.xml:39:22-90
48    <uses-permission android:name="android.permission.READ_APP_BADGE" /> <!-- for OPPO -->
48-->[me.leolin:ShortcutBadger:1.1.22] AndroidManifest.xml:42:5-73
48-->[me.leolin:ShortcutBadger:1.1.22] AndroidManifest.xml:42:22-70
49    <uses-permission android:name="com.oppo.launcher.permission.READ_SETTINGS" />
49-->[me.leolin:ShortcutBadger:1.1.22] AndroidManifest.xml:45:5-82
49-->[me.leolin:ShortcutBadger:1.1.22] AndroidManifest.xml:45:22-79
50    <uses-permission android:name="com.oppo.launcher.permission.WRITE_SETTINGS" /> <!-- for EvMe -->
50-->[me.leolin:ShortcutBadger:1.1.22] AndroidManifest.xml:46:5-83
50-->[me.leolin:ShortcutBadger:1.1.22] AndroidManifest.xml:46:22-80
51    <uses-permission android:name="me.everything.badger.permission.BADGE_COUNT_READ" />
51-->[me.leolin:ShortcutBadger:1.1.22] AndroidManifest.xml:49:5-88
51-->[me.leolin:ShortcutBadger:1.1.22] AndroidManifest.xml:49:22-85
52    <uses-permission android:name="me.everything.badger.permission.BADGE_COUNT_WRITE" />
52-->[me.leolin:ShortcutBadger:1.1.22] AndroidManifest.xml:50:5-89
52-->[me.leolin:ShortcutBadger:1.1.22] AndroidManifest.xml:50:22-86
53
54    <application
55        android:name="android.app.Application"
56        android:appComponentFactory="androidx.core.app.CoreComponentFactory"
56-->[androidx.core:core:1.9.0] AndroidManifest.xml:28:18-86
57        android:debuggable="true"
58        android:icon="@mipmap/ic_launcher"
59        android:label="giaydep_app" >
60        <activity
61            android:name="com.example.giaydep_app.MainActivity"
62            android:configChanges="orientation|keyboardHidden|keyboard|screenSize|smallestScreenSize|locale|layoutDirection|fontScale|screenLayout|density|uiMode"
63            android:exported="true"
64            android:hardwareAccelerated="true"
65            android:launchMode="singleTop"
66            android:theme="@style/LaunchTheme"
67            android:windowSoftInputMode="adjustResize" >
68
69            <!--
70                 Specifies an Android theme to apply to this Activity as soon as
71                 the Android process has started. This theme is visible to the user
72                 while the Flutter UI initializes. After that, this theme continues
73                 to determine the Window background behind the Flutter UI.
74            -->
75            <meta-data
76                android:name="io.flutter.embedding.android.NormalTheme"
77                android:resource="@style/NormalTheme" />
78
79            <intent-filter>
80                <action android:name="android.intent.action.MAIN" />
81
82                <category android:name="android.intent.category.LAUNCHER" />
83            </intent-filter>
84        </activity>
85        <!--
86             Don't delete the meta-data below.
87             This is used by the Flutter tool to generate GeneratedPluginRegistrant.java
88        -->
89        <meta-data
90            android:name="flutterEmbedding"
91            android:value="2" />
92        <meta-data
92-->[:awesome_notifications_fcm] AndroidManifest.xml:14:9-16:36
93            android:name="firebase_messaging_auto_init_enabled"
93-->[:awesome_notifications_fcm] AndroidManifest.xml:15:13-64
94            android:value="true" />
94-->[:awesome_notifications_fcm] AndroidManifest.xml:16:13-33
95        <meta-data
95-->[:awesome_notifications_fcm] AndroidManifest.xml:17:9-19:36
96            android:name="delivery_metrics_exported_to_big_query_enabled"
96-->[:awesome_notifications_fcm] AndroidManifest.xml:18:13-74
97            android:value="true" />
97-->[:awesome_notifications_fcm] AndroidManifest.xml:19:13-33
98
99        <receiver
99-->[:awesome_notifications_fcm] AndroidManifest.xml:21:9-29:20
100            android:name="me.carda.awesome_notifications_fcm.core.services.BootBroadcastReceiver"
100-->[:awesome_notifications_fcm] AndroidManifest.xml:22:13-98
101            android:exported="true" >
101-->[:awesome_notifications_fcm] AndroidManifest.xml:23:13-36
102            <intent-filter>
102-->[:awesome_notifications_fcm] AndroidManifest.xml:24:13-28:29
103                <action android:name="android.intent.action.BOOT_COMPLETED" />
103-->[:awesome_notifications_fcm] AndroidManifest.xml:25:17-79
103-->[:awesome_notifications_fcm] AndroidManifest.xml:25:25-76
104
105                <category android:name="android.intent.category.HOME" />
105-->[:awesome_notifications_fcm] AndroidManifest.xml:27:17-73
105-->[:awesome_notifications_fcm] AndroidManifest.xml:27:27-70
106            </intent-filter>
107        </receiver>
108
109        <service
109-->[:awesome_notifications_fcm] AndroidManifest.xml:31:9-38:19
110            android:name="me.carda.awesome_notifications_fcm.DartFcmService"
110-->[:awesome_notifications_fcm] AndroidManifest.xml:32:13-77
111            android:directBootAware="true"
111-->[:awesome_notifications_fcm] AndroidManifest.xml:33:13-43
112            android:exported="false" >
112-->[:awesome_notifications_fcm] AndroidManifest.xml:34:13-37
113            <intent-filter>
113-->[:awesome_notifications_fcm] AndroidManifest.xml:35:13-37:29
114                <action android:name="com.google.firebase.MESSAGING_EVENT" />
114-->[:awesome_notifications_fcm] AndroidManifest.xml:36:17-78
114-->[:awesome_notifications_fcm] AndroidManifest.xml:36:25-75
115            </intent-filter>
116        </service>
117        <service
117-->[:firebase_auth] AndroidManifest.xml:10:9-14:19
118            android:name="com.google.firebase.components.ComponentDiscoveryService"
118-->[:firebase_auth] AndroidManifest.xml:10:18-89
119            android:directBootAware="true"
119-->[com.google.firebase:firebase-common:20.3.2] AndroidManifest.xml:34:13-43
120            android:exported="false" >
120-->[com.google.firebase:firebase-analytics-ktx:21.2.1] AndroidManifest.xml:10:13-37
121            <meta-data
121-->[:firebase_auth] AndroidManifest.xml:11:13-13:85
122                android:name="com.google.firebase.components:io.flutter.plugins.firebase.auth.FlutterFirebaseAuthRegistrar"
122-->[:firebase_auth] AndroidManifest.xml:12:17-124
123                android:value="com.google.firebase.components.ComponentRegistrar" />
123-->[:firebase_auth] AndroidManifest.xml:13:17-82
124            <meta-data
124-->[:firebase_storage] AndroidManifest.xml:11:13-13:85
125                android:name="com.google.firebase.components:io.flutter.plugins.firebase.storage.FlutterFirebaseAppRegistrar"
125-->[:firebase_storage] AndroidManifest.xml:12:17-126
126                android:value="com.google.firebase.components.ComponentRegistrar" />
126-->[:firebase_storage] AndroidManifest.xml:13:17-82
127            <meta-data
127-->[:cloud_firestore] AndroidManifest.xml:11:13-13:85
128                android:name="com.google.firebase.components:io.flutter.plugins.firebase.firestore.FlutterFirebaseFirestoreRegistrar"
128-->[:cloud_firestore] AndroidManifest.xml:12:17-134
129                android:value="com.google.firebase.components.ComponentRegistrar" />
129-->[:cloud_firestore] AndroidManifest.xml:13:17-82
130            <meta-data
130-->[:firebase_core] AndroidManifest.xml:11:13-13:85
131                android:name="com.google.firebase.components:io.flutter.plugins.firebase.core.FlutterFirebaseCoreRegistrar"
131-->[:firebase_core] AndroidManifest.xml:12:17-124
132                android:value="com.google.firebase.components.ComponentRegistrar" />
132-->[:firebase_core] AndroidManifest.xml:13:17-82
133            <meta-data
133-->[com.google.firebase:firebase-analytics-ktx:21.2.1] AndroidManifest.xml:11:13-13:85
134                android:name="com.google.firebase.components:com.google.firebase.analytics.ktx.FirebaseAnalyticsKtxRegistrar"
134-->[com.google.firebase:firebase-analytics-ktx:21.2.1] AndroidManifest.xml:12:17-126
135                android:value="com.google.firebase.components.ComponentRegistrar" />
135-->[com.google.firebase:firebase-analytics-ktx:21.2.1] AndroidManifest.xml:13:17-82
136            <meta-data
136-->[com.google.firebase:firebase-common-ktx:20.3.2] AndroidManifest.xml:14:13-16:85
137                android:name="com.google.firebase.components:com.google.firebase.ktx.FirebaseCommonKtxRegistrar"
137-->[com.google.firebase:firebase-common-ktx:20.3.2] AndroidManifest.xml:15:17-113
138                android:value="com.google.firebase.components.ComponentRegistrar" />
138-->[com.google.firebase:firebase-common-ktx:20.3.2] AndroidManifest.xml:16:17-82
139            <meta-data
139-->[com.google.firebase:firebase-messaging:23.1.2] AndroidManifest.xml:55:13-57:85
140                android:name="com.google.firebase.components:com.google.firebase.messaging.FirebaseMessagingRegistrar"
140-->[com.google.firebase:firebase-messaging:23.1.2] AndroidManifest.xml:56:17-119
141                android:value="com.google.firebase.components.ComponentRegistrar" />
141-->[com.google.firebase:firebase-messaging:23.1.2] AndroidManifest.xml:57:17-82
142            <meta-data
142-->[com.google.firebase:firebase-storage:20.1.0] AndroidManifest.xml:32:13-34:85
143                android:name="com.google.firebase.components:com.google.firebase.storage.StorageRegistrar"
143-->[com.google.firebase:firebase-storage:20.1.0] AndroidManifest.xml:33:17-107
144                android:value="com.google.firebase.components.ComponentRegistrar" />
144-->[com.google.firebase:firebase-storage:20.1.0] AndroidManifest.xml:34:17-82
145            <meta-data
145-->[com.google.firebase:firebase-firestore:24.4.5] AndroidManifest.xml:19:13-21:85
146                android:name="com.google.firebase.components:com.google.firebase.firestore.FirestoreRegistrar"
146-->[com.google.firebase:firebase-firestore:24.4.5] AndroidManifest.xml:20:17-111
147                android:value="com.google.firebase.components.ComponentRegistrar" />
147-->[com.google.firebase:firebase-firestore:24.4.5] AndroidManifest.xml:21:17-82
148            <meta-data
148-->[com.google.firebase:firebase-auth:21.1.0] AndroidManifest.xml:67:13-69:85
149                android:name="com.google.firebase.components:com.google.firebase.auth.FirebaseAuthRegistrar"
149-->[com.google.firebase:firebase-auth:21.1.0] AndroidManifest.xml:68:17-109
150                android:value="com.google.firebase.components.ComponentRegistrar" />
150-->[com.google.firebase:firebase-auth:21.1.0] AndroidManifest.xml:69:17-82
151            <meta-data
151-->[com.google.firebase:firebase-datatransport:18.1.7] AndroidManifest.xml:27:13-29:85
152                android:name="com.google.firebase.components:com.google.firebase.datatransport.TransportRegistrar"
152-->[com.google.firebase:firebase-datatransport:18.1.7] AndroidManifest.xml:28:17-115
153                android:value="com.google.firebase.components.ComponentRegistrar" />
153-->[com.google.firebase:firebase-datatransport:18.1.7] AndroidManifest.xml:29:17-82
154            <meta-data
154-->[com.google.android.gms:play-services-measurement-api:21.2.1] AndroidManifest.xml:31:13-33:85
155                android:name="com.google.firebase.components:com.google.firebase.analytics.connector.internal.AnalyticsConnectorRegistrar"
155-->[com.google.android.gms:play-services-measurement-api:21.2.1] AndroidManifest.xml:32:17-139
156                android:value="com.google.firebase.components.ComponentRegistrar" />
156-->[com.google.android.gms:play-services-measurement-api:21.2.1] AndroidManifest.xml:33:17-82
157            <meta-data
157-->[com.google.firebase:firebase-installations:17.1.3] AndroidManifest.xml:17:13-19:85
158                android:name="com.google.firebase.components:com.google.firebase.installations.FirebaseInstallationsRegistrar"
158-->[com.google.firebase:firebase-installations:17.1.3] AndroidManifest.xml:18:17-127
159                android:value="com.google.firebase.components.ComponentRegistrar" />
159-->[com.google.firebase:firebase-installations:17.1.3] AndroidManifest.xml:19:17-82
160        </service>
161
162        <provider
162-->[:image_picker_android] AndroidManifest.xml:10:9-18:20
163            android:name="io.flutter.plugins.imagepicker.ImagePickerFileProvider"
163-->[:image_picker_android] AndroidManifest.xml:11:13-82
164            android:authorities="com.example.giaydep_app.flutter.image_provider"
164-->[:image_picker_android] AndroidManifest.xml:12:13-74
165            android:exported="false"
165-->[:image_picker_android] AndroidManifest.xml:13:13-37
166            android:grantUriPermissions="true" >
166-->[:image_picker_android] AndroidManifest.xml:14:13-47
167            <meta-data
167-->[:image_picker_android] AndroidManifest.xml:15:13-17:75
168                android:name="android.support.FILE_PROVIDER_PATHS"
168-->[:image_picker_android] AndroidManifest.xml:16:17-67
169                android:resource="@xml/flutter_image_picker_file_paths" />
169-->[:image_picker_android] AndroidManifest.xml:17:17-72
170        </provider>
171
172        <receiver
172-->[:awesome_notifications] AndroidManifest.xml:15:9-17:39
173            android:name="me.carda.awesome_notifications.DartNotificationActionReceiver"
173-->[:awesome_notifications] AndroidManifest.xml:16:13-89
174            android:exported="true" />
174-->[:awesome_notifications] AndroidManifest.xml:17:13-36
175        <receiver
175-->[:awesome_notifications] AndroidManifest.xml:18:9-20:39
176            android:name="me.carda.awesome_notifications.DartDismissedNotificationReceiver"
176-->[:awesome_notifications] AndroidManifest.xml:19:13-92
177            android:exported="true" />
177-->[:awesome_notifications] AndroidManifest.xml:20:13-36
178        <receiver
178-->[:awesome_notifications] AndroidManifest.xml:21:9-23:39
179            android:name="me.carda.awesome_notifications.DartScheduledNotificationReceiver"
179-->[:awesome_notifications] AndroidManifest.xml:22:13-92
180            android:exported="true" />
180-->[:awesome_notifications] AndroidManifest.xml:23:13-36
181        <receiver
181-->[:awesome_notifications] AndroidManifest.xml:24:9-38:20
182            android:name="me.carda.awesome_notifications.DartRefreshSchedulesReceiver"
182-->[:awesome_notifications] AndroidManifest.xml:25:13-87
183            android:enabled="true"
183-->[:awesome_notifications] AndroidManifest.xml:26:13-35
184            android:exported="true" >
184-->[:awesome_notifications] AndroidManifest.xml:27:13-36
185            <intent-filter>
185-->[:awesome_notifications] AndroidManifest.xml:28:13-37:29
186                <category android:name="android.intent.category.DEFAULT" />
186-->[:awesome_notifications] AndroidManifest.xml:29:17-76
186-->[:awesome_notifications] AndroidManifest.xml:29:27-73
187
188                <action android:name="android.intent.action.BOOT_COMPLETED" />
188-->[:awesome_notifications_fcm] AndroidManifest.xml:25:17-79
188-->[:awesome_notifications_fcm] AndroidManifest.xml:25:25-76
189                <action android:name="android.intent.action.LOCKED_BOOT_COMPLETED" />
189-->[:awesome_notifications] AndroidManifest.xml:32:17-86
189-->[:awesome_notifications] AndroidManifest.xml:32:25-83
190                <action android:name="android.intent.action.MY_PACKAGE_REPLACED" />
190-->[:awesome_notifications] AndroidManifest.xml:33:17-84
190-->[:awesome_notifications] AndroidManifest.xml:33:25-81
191                <action android:name="android.intent.action.QUICKBOOT_POWERON" />
191-->[:awesome_notifications] AndroidManifest.xml:34:17-82
191-->[:awesome_notifications] AndroidManifest.xml:34:25-79
192                <action android:name="com.htc.intent.action.QUICKBOOT_POWERON" />
192-->[:awesome_notifications] AndroidManifest.xml:35:17-82
192-->[:awesome_notifications] AndroidManifest.xml:35:25-79
193                <action android:name="android.app.action.SCHEDULE_EXACT_ALARM_PERMISSION_STATE_CHANGED" />
193-->[:awesome_notifications] AndroidManifest.xml:36:17-107
193-->[:awesome_notifications] AndroidManifest.xml:36:25-104
194            </intent-filter>
195        </receiver>
196
197        <service
197-->[:awesome_notifications] AndroidManifest.xml:40:9-43:72
198            android:name="me.carda.awesome_notifications.DartBackgroundService"
198-->[:awesome_notifications] AndroidManifest.xml:41:13-80
199            android:exported="false"
199-->[:awesome_notifications] AndroidManifest.xml:42:13-37
200            android:permission="android.permission.BIND_JOB_SERVICE" />
200-->[:awesome_notifications] AndroidManifest.xml:43:13-69
201        <service
201-->[:awesome_notifications] AndroidManifest.xml:44:9-49:43
202            android:name="me.carda.awesome_notifications.core.services.ForegroundService"
202-->[:awesome_notifications] AndroidManifest.xml:45:13-90
203            android:enabled="true"
203-->[:awesome_notifications] AndroidManifest.xml:46:13-35
204            android:exported="false"
204-->[:awesome_notifications] AndroidManifest.xml:47:13-37
205            android:foregroundServiceType="phoneCall"
205-->[:awesome_notifications] AndroidManifest.xml:48:13-54
206            android:stopWithTask="true" />
206-->[:awesome_notifications] AndroidManifest.xml:49:13-40
207        <service
207-->[me.carda:fcmandroidcore:0.7.6] AndroidManifest.xml:10:9-13:72
208            android:name="me.carda.awesome_notifications_fcm.core.services.FcmSilentService"
208-->[me.carda:fcmandroidcore:0.7.6] AndroidManifest.xml:11:13-93
209            android:exported="false"
209-->[me.carda:fcmandroidcore:0.7.6] AndroidManifest.xml:12:13-37
210            android:permission="android.permission.BIND_JOB_SERVICE" />
210-->[me.carda:fcmandroidcore:0.7.6] AndroidManifest.xml:13:13-69
211
212        <receiver
212-->[com.google.firebase:firebase-messaging:23.1.2] AndroidManifest.xml:31:9-38:20
213            android:name="com.google.firebase.iid.FirebaseInstanceIdReceiver"
213-->[com.google.firebase:firebase-messaging:23.1.2] AndroidManifest.xml:32:13-78
214            android:exported="true"
214-->[com.google.firebase:firebase-messaging:23.1.2] AndroidManifest.xml:33:13-36
215            android:permission="com.google.android.c2dm.permission.SEND" >
215-->[com.google.firebase:firebase-messaging:23.1.2] AndroidManifest.xml:34:13-73
216            <intent-filter>
216-->[com.google.firebase:firebase-messaging:23.1.2] AndroidManifest.xml:35:13-37:29
217                <action android:name="com.google.android.c2dm.intent.RECEIVE" />
217-->[com.google.firebase:firebase-messaging:23.1.2] AndroidManifest.xml:36:17-81
217-->[com.google.firebase:firebase-messaging:23.1.2] AndroidManifest.xml:36:25-78
218            </intent-filter>
219        </receiver>
220        <!--
221             FirebaseMessagingService performs security checks at runtime,
222             but set to not exported to explicitly avoid allowing another app to call it.
223        -->
224        <service
224-->[com.google.firebase:firebase-messaging:23.1.2] AndroidManifest.xml:44:9-51:19
225            android:name="com.google.firebase.messaging.FirebaseMessagingService"
225-->[com.google.firebase:firebase-messaging:23.1.2] AndroidManifest.xml:45:13-82
226            android:directBootAware="true"
226-->[com.google.firebase:firebase-messaging:23.1.2] AndroidManifest.xml:46:13-43
227            android:exported="false" >
227-->[com.google.firebase:firebase-messaging:23.1.2] AndroidManifest.xml:47:13-37
228            <intent-filter android:priority="-500" >
228-->[:awesome_notifications_fcm] AndroidManifest.xml:35:13-37:29
229                <action android:name="com.google.firebase.MESSAGING_EVENT" />
229-->[:awesome_notifications_fcm] AndroidManifest.xml:36:17-78
229-->[:awesome_notifications_fcm] AndroidManifest.xml:36:25-75
230            </intent-filter>
231        </service>
232
233        <activity
233-->[com.google.firebase:firebase-auth:21.1.0] AndroidManifest.xml:27:9-44:20
234            android:name="com.google.firebase.auth.internal.GenericIdpActivity"
234-->[com.google.firebase:firebase-auth:21.1.0] AndroidManifest.xml:28:13-80
235            android:excludeFromRecents="true"
235-->[com.google.firebase:firebase-auth:21.1.0] AndroidManifest.xml:29:13-46
236            android:exported="true"
236-->[com.google.firebase:firebase-auth:21.1.0] AndroidManifest.xml:30:13-36
237            android:launchMode="singleTask"
237-->[com.google.firebase:firebase-auth:21.1.0] AndroidManifest.xml:31:13-44
238            android:theme="@android:style/Theme.Translucent.NoTitleBar" >
238-->[com.google.firebase:firebase-auth:21.1.0] AndroidManifest.xml:32:13-72
239            <intent-filter>
239-->[com.google.firebase:firebase-auth:21.1.0] AndroidManifest.xml:33:13-43:29
240                <action android:name="android.intent.action.VIEW" />
240-->[com.google.firebase:firebase-auth:21.1.0] AndroidManifest.xml:34:17-69
240-->[com.google.firebase:firebase-auth:21.1.0] AndroidManifest.xml:34:25-66
241
242                <category android:name="android.intent.category.DEFAULT" />
242-->[:awesome_notifications] AndroidManifest.xml:29:17-76
242-->[:awesome_notifications] AndroidManifest.xml:29:27-73
243                <category android:name="android.intent.category.BROWSABLE" />
243-->[com.google.firebase:firebase-auth:21.1.0] AndroidManifest.xml:37:17-78
243-->[com.google.firebase:firebase-auth:21.1.0] AndroidManifest.xml:37:27-75
244
245                <data
245-->[com.google.firebase:firebase-auth:21.1.0] AndroidManifest.xml:39:17-42:51
246                    android:host="firebase.auth"
246-->[com.google.firebase:firebase-auth:21.1.0] AndroidManifest.xml:40:21-49
247                    android:path="/"
247-->[com.google.firebase:firebase-auth:21.1.0] AndroidManifest.xml:41:21-37
248                    android:scheme="genericidp" />
248-->[com.google.firebase:firebase-auth:21.1.0] AndroidManifest.xml:42:21-48
249            </intent-filter>
250        </activity>
251        <activity
251-->[com.google.firebase:firebase-auth:21.1.0] AndroidManifest.xml:45:9-62:20
252            android:name="com.google.firebase.auth.internal.RecaptchaActivity"
252-->[com.google.firebase:firebase-auth:21.1.0] AndroidManifest.xml:46:13-79
253            android:excludeFromRecents="true"
253-->[com.google.firebase:firebase-auth:21.1.0] AndroidManifest.xml:47:13-46
254            android:exported="true"
254-->[com.google.firebase:firebase-auth:21.1.0] AndroidManifest.xml:48:13-36
255            android:launchMode="singleTask"
255-->[com.google.firebase:firebase-auth:21.1.0] AndroidManifest.xml:49:13-44
256            android:theme="@android:style/Theme.Translucent.NoTitleBar" >
256-->[com.google.firebase:firebase-auth:21.1.0] AndroidManifest.xml:50:13-72
257            <intent-filter>
257-->[com.google.firebase:firebase-auth:21.1.0] AndroidManifest.xml:51:13-61:29
258                <action android:name="android.intent.action.VIEW" />
258-->[com.google.firebase:firebase-auth:21.1.0] AndroidManifest.xml:34:17-69
258-->[com.google.firebase:firebase-auth:21.1.0] AndroidManifest.xml:34:25-66
259
260                <category android:name="android.intent.category.DEFAULT" />
260-->[:awesome_notifications] AndroidManifest.xml:29:17-76
260-->[:awesome_notifications] AndroidManifest.xml:29:27-73
261                <category android:name="android.intent.category.BROWSABLE" />
261-->[com.google.firebase:firebase-auth:21.1.0] AndroidManifest.xml:37:17-78
261-->[com.google.firebase:firebase-auth:21.1.0] AndroidManifest.xml:37:27-75
262
263                <data
263-->[com.google.firebase:firebase-auth:21.1.0] AndroidManifest.xml:39:17-42:51
264                    android:host="firebase.auth"